  Camera.cpp
C:\Users\user\Desktop\DirectX11_0823_Complete\2DFrameWork\Camera.cpp(40,1): fatal error C1010: 미리 컴파일된 헤더를 찾는 동안 예기치 않은 파일의 끝이 나타났습니다. '#include "pch.h"'을(를) 소스에 추가하시겠습니까?
  Direct3D11.cpp
C:\Users\user\Desktop\DirectX11_0823_Complete\2DFrameWork\Direct3D11.cpp(305,1): fatal error C1010: 미리 컴파일된 헤더를 찾는 동안 예기치 않은 파일의 끝이 나타났습니다. '#include "pch.h"'을(를) 소스에 추가하시겠습니까?
  GameObject.cpp
C:\Users\user\Desktop\DirectX11_0823_Complete\2DFrameWork\GameObject.cpp(390,1): fatal error C1010: 미리 컴파일된 헤더를 찾는 동안 예기치 않은 파일의 끝이 나타났습니다. '#include "pch.h"'을(를) 소스에 추가하시겠습니까?
  Gui.cpp
C:\Users\user\Desktop\DirectX11_0823_Complete\2DFrameWork\Gui.cpp(112,1): fatal error C1010: 미리 컴파일된 헤더를 찾는 동안 예기치 않은 파일의 끝이 나타났습니다. '#include "pch.h"'을(를) 소스에 추가하시겠습니까?
  Input.cpp
C:\Users\user\Desktop\DirectX11_0823_Complete\2DFrameWork\Input.cpp(86,1): fatal error C1010: 미리 컴파일된 헤더를 찾는 동안 예기치 않은 파일의 끝이 나타났습니다. '#include "pch.h"'을(를) 소스에 추가하시겠습니까?
  ObCircle.cpp
C:\Users\user\Desktop\DirectX11_0823_Complete\2DFrameWork\ObCircle.cpp(177,1): fatal error C1010: 미리 컴파일된 헤더를 찾는 동안 예기치 않은 파일의 끝이 나타났습니다. '#include "pch.h"'을(를) 소스에 추가하시겠습니까?
  ObImage.cpp
C:\Users\user\Desktop\DirectX11_0823_Complete\2DFrameWork\ObImage.cpp(291,1): fatal error C1010: 미리 컴파일된 헤더를 찾는 동안 예기치 않은 파일의 끝이 나타났습니다. '#include "pch.h"'을(를) 소스에 추가하시겠습니까?
  ObLine.cpp
C:\Users\user\Desktop\DirectX11_0823_Complete\2DFrameWork\ObLine.cpp(70,1): fatal error C1010: 미리 컴파일된 헤더를 찾는 동안 예기치 않은 파일의 끝이 나타났습니다. '#include "pch.h"'을(를) 소스에 추가하시겠습니까?
  ObRect.cpp
C:\Users\user\Desktop\DirectX11_0823_Complete\2DFrameWork\ObRect.cpp(136,1): fatal error C1010: 미리 컴파일된 헤더를 찾는 동안 예기치 않은 파일의 끝이 나타났습니다. '#include "pch.h"'을(를) 소스에 추가하시겠습니까?
  ObStar.cpp
C:\Users\user\Desktop\DirectX11_0823_Complete\2DFrameWork\ObStar.cpp(150,1): fatal error C1010: 미리 컴파일된 헤더를 찾는 동안 예기치 않은 파일의 끝이 나타났습니다. '#include "pch.h"'을(를) 소스에 추가하시겠습니까?
  Random.cpp
C:\Users\user\Desktop\DirectX11_0823_Complete\2DFrameWork\Random.cpp(27,1): fatal error C1010: 미리 컴파일된 헤더를 찾는 동안 예기치 않은 파일의 끝이 나타났습니다. '#include "pch.h"'을(를) 소스에 추가하시겠습니까?
  Shader.cpp
C:\Users\user\Desktop\DirectX11_0823_Complete\2DFrameWork\Shader.cpp(72,1): fatal error C1010: 미리 컴파일된 헤더를 찾는 동안 예기치 않은 파일의 끝이 나타났습니다. '#include "pch.h"'을(를) 소스에 추가하시겠습니까?
  Texture.cpp
C:\Users\user\Desktop\DirectX11_0823_Complete\2DFrameWork\Texture.cpp(65,1): fatal error C1010: 미리 컴파일된 헤더를 찾는 동안 예기치 않은 파일의 끝이 나타났습니다. '#include "pch.h"'을(를) 소스에 추가하시겠습니까?
  Timer.cpp
C:\Users\user\Desktop\DirectX11_0823_Complete\2DFrameWork\Timer.cpp(63,1): fatal error C1010: 미리 컴파일된 헤더를 찾는 동안 예기치 않은 파일의 끝이 나타났습니다. '#include "pch.h"'을(를) 소스에 추가하시겠습니까?
  Utility.cpp
C:\Users\user\Desktop\DirectX11_0823_Complete\2DFrameWork\Utility.cpp(248,1): fatal error C1010: 미리 컴파일된 헤더를 찾는 동안 예기치 않은 파일의 끝이 나타났습니다. '#include "pch.h"'을(를) 소스에 추가하시겠습니까?
  Window.cpp
C:\Users\user\Desktop\DirectX11_0823_Complete\2DFrameWork\Window.cpp(215,1): fatal error C1010: 미리 컴파일된 헤더를 찾는 동안 예기치 않은 파일의 끝이 나타났습니다. '#include "pch.h"'을(를) 소스에 추가하시겠습니까?
